<?xml version="1.0" encoding="UTF-8"?>
<!-- Generated by org.testng.reporters.JUnitReportReporter -->
<testsuite skipped="0" hostname="DESKTOP-U8KCQEQ" name="be.iesca.aeroglide.test.TestNG_GestionPilotesImpl" tests="1" failures="0" timestamp="05 avr. 2018 09:20:05 GMT" time="0.027" errors="0">
  <testcase name="testEnregistrerPilote" time="0.027" classname="be.iesca.aeroglide.test.TestNG_GestionPilotesImpl"/>
</testsuite> <!-- be.iesca.aeroglide.test.TestNG_GestionPilotesImpl -->
