<?xml version="1.0" encoding="UTF-8"?>
<!-- Generated by org.testng.reporters.JUnitReportReporter -->
<testsuite skipped="0" hostname="DESKTOP-U8KCQEQ" name="be.iesca.aeroglide.test.TestNG_PiloteDaoMockImpl" tests="1" failures="0" timestamp="05 avr. 2018 09:01:06 GMT" time="0.025" errors="0">
  <testcase name="testEnregistrerPilote" time="0.025" classname="be.iesca.aeroglide.test.TestNG_PiloteDaoMockImpl"/>
</testsuite> <!-- be.iesca.aeroglide.test.TestNG_PiloteDaoMockImpl -->
