<?xml version="1.0" encoding="UTF-8"?>
<!-- Generated by org.testng.reporters.JUnitReportReporter -->
<testsuite hostname="PC-Olivier" name="be.iesca.tests.TestNG_GestionBieres" tests="6" failures="0" timestamp="22 Feb 2014 08:29:49 GMT" time="0.094" errors="0">
  <testcase name="testRechercher" time="0.000" classname="be.iesca.tests.TestNG_GestionBieres"/>
  <testcase name="testModifier" time="0.015" classname="be.iesca.tests.TestNG_GestionBieres"/>
  <testcase name="testSupprimer" time="0.016" classname="be.iesca.tests.TestNG_GestionBieres"/>
  <testcase name="testLister" time="0.000" classname="be.iesca.tests.TestNG_GestionBieres"/>
  <testcase name="testListeTriee" time="0.000" classname="be.iesca.tests.TestNG_GestionBieres"/>
  <testcase name="testAjouter" time="0.063" classname="be.iesca.tests.TestNG_GestionBieres"/>
</testsuite> <!-- be.iesca.tests.TestNG_GestionBieres -->
