<?xml version="1.0" encoding="UTF-8"?>
<!-- Generated by org.testng.reporters.JUnitReportReporter -->
<testsuite hostname="PC-Olivier" name="be.iesca.tests.TestNG_Parser" tests="14" failures="0" timestamp="22 Feb 2014 08:29:44 GMT" time="0.078" errors="0">
  <testcase name="testPostgres2" time="0.000" classname="be.iesca.tests.TestNG_Parser"/>
  <testcase name="testPostgres7" time="0.000" classname="be.iesca.tests.TestNG_Parser"/>
  <testcase name="testMock2" time="0.016" classname="be.iesca.tests.TestNG_Parser"/>
  <testcase name="testMock5" time="0.000" classname="be.iesca.tests.TestNG_Parser"/>
  <testcase name="testMock3" time="0.000" classname="be.iesca.tests.TestNG_Parser"/>
  <testcase name="testMock6" time="0.031" classname="be.iesca.tests.TestNG_Parser"/>
  <testcase name="testPostgres5" time="0.000" classname="be.iesca.tests.TestNG_Parser"/>
  <testcase name="testPostgres4" time="0.000" classname="be.iesca.tests.TestNG_Parser"/>
  <testcase name="testMock1" time="0.031" classname="be.iesca.tests.TestNG_Parser"/>
  <testcase name="testPostgres6" time="0.000" classname="be.iesca.tests.TestNG_Parser"/>
  <testcase name="testPostgres3" time="0.000" classname="be.iesca.tests.TestNG_Parser"/>
  <testcase name="testPostgres1" time="0.000" classname="be.iesca.tests.TestNG_Parser"/>
  <testcase name="testMock4" time="0.000" classname="be.iesca.tests.TestNG_Parser"/>
  <testcase name="testMockPostgres1" time="0.000" classname="be.iesca.tests.TestNG_Parser"/>
</testsuite> <!-- be.iesca.tests.TestNG_Parser -->
