<?xml version="1.0" encoding="UTF-8"?>
<!-- Generated by org.testng.reporters.JUnitReportReporter -->
<testsuite hostname="PC-Olivier" name="be.iesca.tests.TestNG_Fonctionnels" tests="6" failures="0" timestamp="9 Feb 2014 16:27:08 GMT" time="3.027" errors="0">
  <testcase name="testSupprimer" time="0.622" classname="be.iesca.tests.TestNG_Fonctionnels"/>
  <testcase name="testListeTriee" time="0.562" classname="be.iesca.tests.TestNG_Fonctionnels"/>
  <testcase name="testLister" time="0.072" classname="be.iesca.tests.TestNG_Fonctionnels"/>
  <testcase name="testModifier" time="0.377" classname="be.iesca.tests.TestNG_Fonctionnels"/>
  <testcase name="testRechercher" time="0.416" classname="be.iesca.tests.TestNG_Fonctionnels"/>
  <testcase name="testAjouter" time="0.978" classname="be.iesca.tests.TestNG_Fonctionnels"/>
</testsuite> <!-- be.iesca.tests.TestNG_Fonctionnels -->
