<?xml version="1.0" encoding="UTF-8"?>
<!-- Generated by org.testng.reporters.JUnitReportReporter -->
<testsuite skipped="0" hostname="PC-L45-09" name="be.iesca.aeroglide.test.TestNG_PiloteDaoMockImpl" tests="1" failures="0" timestamp="18 avr. 2018 12:13:17 GMT" time="0.016" errors="0">
  <testcase name="testEnregistrerPilote" time="0.016" classname="be.iesca.aeroglide.test.TestNG_PiloteDaoMockImpl"/>
</testsuite> <!-- be.iesca.aeroglide.test.TestNG_PiloteDaoMockImpl -->
