<?xml version="1.0" encoding="UTF-8"?>
<!-- Generated by org.testng.reporters.JUnitReportReporter -->
<testsuite skipped="0" hostname="PC-L45-09" name="be.iesca.aeroglide.test.TestNG_GestionPilotesImpl" tests="1" failures="0" timestamp="18 avr. 2018 12:00:31 GMT" time="0.577" errors="0">
  <testcase name="testEnregistrerPilote" time="0.577" classname="be.iesca.aeroglide.test.TestNG_GestionPilotesImpl"/>
</testsuite> <!-- be.iesca.aeroglide.test.TestNG_GestionPilotesImpl -->
