<?xml version="1.0" encoding="UTF-8"?>
<!-- Generated by org.testng.reporters.JUnitReportReporter -->
<testsuite hostname="PC-Olivier" name="be.iesca.tests.TestNG_BiereDaoImpl" tests="7" failures="0" timestamp="11 Jan 2014 11:32:05 GMT" time="2.275" errors="0">
  <testcase name="testSupprimer" time="0.620" classname="be.iesca.tests.TestNG_BiereDaoImpl"/>
  <testcase name="m" time="0.002" classname="be.iesca.tests.TestNG_BiereDaoImpl"/>
  <testcase name="testRechercher" time="0.427" classname="be.iesca.tests.TestNG_BiereDaoImpl"/>
  <testcase name="testListeTriee" time="0.305" classname="be.iesca.tests.TestNG_BiereDaoImpl"/>
  <testcase name="testModifier" time="0.232" classname="be.iesca.tests.TestNG_BiereDaoImpl"/>
  <testcase name="testAjouter" time="0.607" classname="be.iesca.tests.TestNG_BiereDaoImpl"/>
  <testcase name="testLister" time="0.082" classname="be.iesca.tests.TestNG_BiereDaoImpl"/>
</testsuite> <!-- be.iesca.tests.TestNG_BiereDaoImpl -->
