<?xml version="1.0" encoding="UTF-8"?>
<!-- Generated by org.testng.reporters.JUnitReportReporter -->
<testsuite hostname="PC-Olivier" name="be.iesca.tests.TestNG_GestionUsers" tests="4" failures="0" timestamp="22 Feb 2014 08:29:49 GMT" time="0.094" errors="0">
  <testcase name="testConnecter1" time="0.031" classname="be.iesca.tests.TestNG_GestionUsers"/>
  <testcase name="testConnecter4" time="0.016" classname="be.iesca.tests.TestNG_GestionUsers"/>
  <testcase name="testConnecter3" time="0.015" classname="be.iesca.tests.TestNG_GestionUsers"/>
  <testcase name="testConnecter2" time="0.032" classname="be.iesca.tests.TestNG_GestionUsers"/>
</testsuite> <!-- be.iesca.tests.TestNG_GestionUsers -->
