<?xml version="1.0" encoding="UTF-8"?>
<!-- Generated by org.testng.reporters.JUnitReportReporter -->
<testsuite skipped="0" hostname="DESKTOP-U8KCQEQ" name="be.iesca.aeroglide.test.TestNG_VolDaoImpl" tests="1" failures="0" timestamp="14 mai 2018 13:17:17 GMT" time="0.593" errors="0">
  <testcase name="testEnregistrerVol" time="0.593" classname="be.iesca.aeroglide.test.TestNG_VolDaoImpl"/>
</testsuite> <!-- be.iesca.aeroglide.test.TestNG_VolDaoImpl -->
