<?xml version="1.0" encoding="UTF-8"?>
<!-- Generated by org.testng.reporters.JUnitReportReporter -->
<testsuite skipped="0" hostname="DESKTOP-U8KCQEQ" name="be.iesca.aeroglide.test.TestNG_VolDaoMockImpl" tests="1" failures="0" timestamp="14 mai 2018 09:55:20 GMT" time="0.016" errors="0">
  <testcase name="testEnregistrerVol" time="0.016" classname="be.iesca.aeroglide.test.TestNG_VolDaoMockImpl"/>
</testsuite> <!-- be.iesca.aeroglide.test.TestNG_VolDaoMockImpl -->
