<?xml version="1.0" encoding="UTF-8"?>
<!-- Generated by org.testng.reporters.JUnitReportReporter -->
<testsuite hostname="PC-Olivier" name="be.iesca.tests.TestNG_GestionnaireUseCases" tests="11" failures="0" timestamp="22 Feb 2014 07:06:36 GMT" time="0.078" errors="0">
  <testcase name="testModifierBiereUserConnecte" time="0.016" classname="be.iesca.tests.TestNG_GestionnaireUseCases"/>
  <testcase name="testAjouterBiereUserConnecte" time="0.015" classname="be.iesca.tests.TestNG_GestionnaireUseCases"/>
  <testcase name="testListeBieresUserConnecte" time="0.000" classname="be.iesca.tests.TestNG_GestionnaireUseCases"/>
  <testcase name="testAjouterBiere" time="0.016" classname="be.iesca.tests.TestNG_GestionnaireUseCases"/>
  <testcase name="testReconnexion" time="0.000" classname="be.iesca.tests.TestNG_GestionnaireUseCases"/>
  <testcase name="testSupprimerBiere" time="0.000" classname="be.iesca.tests.TestNG_GestionnaireUseCases"/>
  <testcase name="testConnexion" time="0.031" classname="be.iesca.tests.TestNG_GestionnaireUseCases"/>
  <testcase name="testSupprimerBiereUserConnecte" time="0.000" classname="be.iesca.tests.TestNG_GestionnaireUseCases"/>
  <testcase name="testModifierBiere" time="0.000" classname="be.iesca.tests.TestNG_GestionnaireUseCases"/>
  <testcase name="testDeconnexion" time="0.000" classname="be.iesca.tests.TestNG_GestionnaireUseCases"/>
  <testcase name="testListerBieres" time="0.000" classname="be.iesca.tests.TestNG_GestionnaireUseCases"/>
</testsuite> <!-- be.iesca.tests.TestNG_GestionnaireUseCases -->
