<?xml version="1.0" encoding="UTF-8"?>
<!-- Generated by org.testng.reporters.JUnitReportReporter -->
<testsuite skipped="0" hostname="DESKTOP-U8KCQEQ" name="be.iesca.aeroglide.test.TestNG_GestionPilotesImpl" tests="5" failures="0" timestamp="14 mai 2018 12:14:33 GMT" time="0.063" errors="0">
  <testcase name="testListerPilotesSoldeNegatif" time="0.000" classname="be.iesca.aeroglide.test.TestNG_GestionPilotesImpl"/>
  <testcase name="testListerPilotes" time="0.000" classname="be.iesca.aeroglide.test.TestNG_GestionPilotesImpl"/>
  <testcase name="testModifierPilotes" time="0.015" classname="be.iesca.aeroglide.test.TestNG_GestionPilotesImpl"/>
  <testcase name="testEnregistrerVol" time="0.016" classname="be.iesca.aeroglide.test.TestNG_GestionPilotesImpl"/>
  <testcase name="testEnregistrerPilote" time="0.032" classname="be.iesca.aeroglide.test.TestNG_GestionPilotesImpl"/>
</testsuite> <!-- be.iesca.aeroglide.test.TestNG_GestionPilotesImpl -->
