<?xml version="1.0" encoding="UTF-8"?>
<!-- Generated by org.testng.reporters.JUnitReportReporter -->
<testsuite hostname="PC-Olivier" name="be.iesca.tests.TestsNG" tests="6" failures="0" timestamp="15 Dec 2013 15:14:41 GMT" time="0.032" errors="0">
  <testcase name="testRechercher" time="0.000" classname="be.iesca.tests.TestsNG"/>
  <testcase name="testListeTriee" time="0.000" classname="be.iesca.tests.TestsNG"/>
  <testcase name="testSupprimer" time="0.016" classname="be.iesca.tests.TestsNG"/>
  <testcase name="testLister" time="0.000" classname="be.iesca.tests.TestsNG"/>
  <testcase name="testModifier" time="0.000" classname="be.iesca.tests.TestsNG"/>
  <testcase name="testAjouter" time="0.016" classname="be.iesca.tests.TestsNG"/>
</testsuite> <!-- be.iesca.tests.TestsNG -->
