<?xml version="1.0" encoding="UTF-8"?>
<!-- Generated by org.testng.reporters.JUnitReportReporter -->
<testsuite hostname="PC-Olivier" name="be.iesca.tests.NewTest" tests="1" failures="0" timestamp="18 Dec 2013 20:20:16 GMT" time="0.015" errors="0">
  <testcase name="f" time="0.015" classname="be.iesca.tests.NewTest"/>
</testsuite> <!-- be.iesca.tests.NewTest -->
