<?xml version="1.0" encoding="UTF-8"?>
<!-- Generated by org.testng.reporters.JUnitReportReporter -->
<testsuite hostname="PC-Olivier" name="be.iesca.tests.TestNG_BiereDaoMockImpl" tests="7" failures="0" timestamp="10 Jan 2014 15:21:28 GMT" time="0.015" errors="0">
  <testcase name="testAjouter" time="0.007" classname="be.iesca.tests.TestNG_BiereDaoMockImpl"/>
  <testcase name="testRechercher" time="0.001" classname="be.iesca.tests.TestNG_BiereDaoMockImpl"/>
  <testcase name="m" time="0.004" classname="be.iesca.tests.TestNG_BiereDaoMockImpl"/>
  <testcase name="testModifier" time="0.001" classname="be.iesca.tests.TestNG_BiereDaoMockImpl"/>
  <testcase name="testListeTriee" time="0.000" classname="be.iesca.tests.TestNG_BiereDaoMockImpl"/>
  <testcase name="testLister" time="0.001" classname="be.iesca.tests.TestNG_BiereDaoMockImpl"/>
  <testcase name="testSupprimer" time="0.001" classname="be.iesca.tests.TestNG_BiereDaoMockImpl"/>
</testsuite> <!-- be.iesca.tests.TestNG_BiereDaoMockImpl -->
