<?xml version="1.0" encoding="UTF-8"?>
<!-- Generated by org.testng.reporters.JUnitReportReporter -->
<testsuite hostname="PC-Olivier" name="be.iesca.tests.TestNG_BiereDao" tests="6" failures="0" timestamp="22 Feb 2014 11:40:10 GMT" time="0.090" errors="0">
  <testcase name="testRechercher" time="0.010" classname="be.iesca.tests.TestNG_BiereDao"/>
  <testcase name="testAjouter" time="0.060" classname="be.iesca.tests.TestNG_BiereDao"/>
  <testcase name="testSupprimer" time="0.010" classname="be.iesca.tests.TestNG_BiereDao"/>
  <testcase name="testModifier" time="0.000" classname="be.iesca.tests.TestNG_BiereDao"/>
  <testcase name="testLister" time="0.010" classname="be.iesca.tests.TestNG_BiereDao"/>
  <testcase name="testListeTriee" time="0.000" classname="be.iesca.tests.TestNG_BiereDao"/>
</testsuite> <!-- be.iesca.tests.TestNG_BiereDao -->
