<?xml version="1.0" encoding="UTF-8"?>
<!-- Generated by org.testng.reporters.JUnitReportReporter -->
<testsuite skipped="0" hostname="DESKTOP-U8KCQEQ" name="be.iesca.aeroglide.test.TestNG_GestionPilotesImpl" tests="6" failures="0" timestamp="15 mai 2018 15:04:04 GMT" time="0.152" errors="0">
  <testcase name="testListerPilotes" time="0.007" classname="be.iesca.aeroglide.test.TestNG_GestionPilotesImpl"/>
  <testcase name="testEnregistrerVol" time="0.039" classname="be.iesca.aeroglide.test.TestNG_GestionPilotesImpl"/>
  <testcase name="testListerPilotesSoldeNegatif" time="0.007" classname="be.iesca.aeroglide.test.TestNG_GestionPilotesImpl"/>
  <testcase name="testModifierPilotes" time="0.026" classname="be.iesca.aeroglide.test.TestNG_GestionPilotesImpl"/>
  <testcase name="testListerVols" time="0.007" classname="be.iesca.aeroglide.test.TestNG_GestionPilotesImpl"/>
  <testcase name="testEnregistrerPilote" time="0.066" classname="be.iesca.aeroglide.test.TestNG_GestionPilotesImpl"/>
</testsuite> <!-- be.iesca.aeroglide.test.TestNG_GestionPilotesImpl -->
