<?xml version="1.0" encoding="UTF-8"?>
<!-- Generated by org.testng.reporters.JUnitReportReporter -->
<testsuite hostname="PC-Olivier" name="be.iesca.tests.TestNG_UserDao" tests="4" failures="0" timestamp="22 Feb 2014 08:29:44 GMT" time="0.093" errors="0">
  <testcase name="test4" time="0.015" classname="be.iesca.tests.TestNG_UserDao"/>
  <testcase name="test3" time="0.016" classname="be.iesca.tests.TestNG_UserDao"/>
  <testcase name="test2" time="0.031" classname="be.iesca.tests.TestNG_UserDao"/>
  <testcase name="test1" time="0.031" classname="be.iesca.tests.TestNG_UserDao"/>
</testsuite> <!-- be.iesca.tests.TestNG_UserDao -->
