<?xml version="1.0" encoding="UTF-8"?>
<!-- Generated by org.testng.reporters.JUnitReportReporter -->
<testsuite skipped="0" hostname="PC-L45-09" name="be.iesca.aeroglide.test.TestNG_PiloteDaoMockImpl" tests="2" failures="0" timestamp="18 avr. 2018 14:23:37 GMT" time="0.047" errors="0">
  <testcase name="testListerPilotes" time="0.031" classname="be.iesca.aeroglide.test.TestNG_PiloteDaoMockImpl"/>
  <testcase name="testEnregistrerPilote" time="0.016" classname="be.iesca.aeroglide.test.TestNG_PiloteDaoMockImpl"/>
</testsuite> <!-- be.iesca.aeroglide.test.TestNG_PiloteDaoMockImpl -->
